<?xml version="1.0" encoding="UTF-8"?>
<!-- Generated by org.testng.reporters.JUnitReportReporter -->
<testsuite hostname="Rishabs-MacBook-Pro.local" failures="0" tests="1" name="tests.LoginTest" time="3.046" errors="0" timestamp="2025-01-31T10:26:41 IST" skipped="0">
  <testcase classname="tests.LoginTest" name="loginTest" time="3.046"/>
</testsuite> <!-- tests.LoginTest -->
