<?xml version="1.0" encoding="UTF-8"?>
<!-- Generated by org.testng.reporters.JUnitReportReporter -->
<testsuite hostname="Rishabs-MacBook-Pro.local" failures="0" tests="1" name="tests.LoginTest" time="4.967" errors="0" timestamp="2025-01-31T17:19:51 IST" skipped="0">
  <testcase classname="tests.LoginTest" name="loginTest" time="4.967"/>
</testsuite> <!-- tests.LoginTest -->
